Build started 2/6/2018 8:27:26 PM.
     1>Project "D:\Programming\KylesAR\KylesAR\ext\SLAM\SLAM\SLAM.vcxproj" on node 2 (Rebuild target(s)).
     1>ClCompile:
         C:\Program Files (x86)\Microsoft Visual Studio 12.0\VC\bin\x86_amd64\CL.exe /c /Zi /nologo /W3 /WX- /sdl /O2 /Oi /GL /D WIN32 /D NDEBUG /D _WINDOWS /D _USRDLL /D SLAM_EXPORTS /D _WINDLL /D _UNICODE /D UNICODE /Gm- /EHsc /MD /GS /Gy /fp:precise /Zc:wchar_t /Zc:forScope /Yc"stdafx.h" /Fp"x64\Release\SLAM.pch" /Fo"x64\Release\\" /Fd"x64\Release\vc120.pdb" /Gd /TP /errorReport:prompt stdafx.cpp
         stdafx.cpp
         C:\Program Files (x86)\Microsoft Visual Studio 12.0\VC\bin\x86_amd64\CL.exe /c /Zi /nologo /W3 /WX- /sdl /O2 /Oi /GL /D WIN32 /D NDEBUG /D _WINDOWS /D _USRDLL /D SLAM_EXPORTS /D _WINDLL /D _UNICODE /D UNICODE /Gm- /EHsc /MD /GS /Gy /fp:precise /Zc:wchar_t /Zc:forScope /Fo"x64\Release\\" /Fd"x64\Release\vc120.pdb" /Gd /TP /errorReport:prompt dllmain.cpp
         dllmain.cpp
         C:\Program Files (x86)\Microsoft Visual Studio 12.0\VC\bin\x86_amd64\CL.exe /c /Zi /nologo /W3 /WX- /sdl /O2 /Oi /GL /D WIN32 /D NDEBUG /D _WINDOWS /D _USRDLL /D SLAM_EXPORTS /D _WINDLL /D _UNICODE /D UNICODE /Gm- /EHsc /MD /GS /Gy /fp:precise /Zc:wchar_t /Zc:forScope /Yu"stdafx.h" /Fp"x64\Release\SLAM.pch" /Fo"x64\Release\\" /Fd"x64\Release\vc120.pdb" /Gd /TP /errorReport:prompt SLAM.cpp
         SLAM.cpp
     1>SLAM.cpp(52): warning C4305: 'initializing' : truncation from 'double' to 'float'
       Link:
         C:\Program Files (x86)\Microsoft Visual Studio 12.0\VC\bin\x86_amd64\link.exe /ERRORREPORT:PROMPT /OUT:"D:\Programming\KylesAR\KylesAR\ext\SLAM\x64\Release\SLAM.dll" /INCREMENTAL:NO /NOLOGO opencv_calib3d330.lib opencv_core330.lib opencv_features2d330.lib opencv_imgproc330.lib opencv_video330.lib opencv_highgui330.lib KylesAR.lib kernel32.lib user32.lib gdi32.lib winspool.lib comdlg32.lib advapi32.lib shell32.lib ole32.lib oleaut32.lib uuid.lib odbc32.lib odbccp32.lib /MANIFEST /MANIFESTUAC:"level='asInvoker' uiAccess='false'" /manifest:embed /DEBUG /PDB:"D:\Programming\KylesAR\KylesAR\ext\SLAM\x64\Release\SLAM.pdb" /SUBSYSTEM:WINDOWS /OPT:REF /OPT:ICF /LTCG /TLBID:1 /DYNAMICBASE /NXCOMPAT /IMPLIB:"D:\Programming\KylesAR\KylesAR\ext\SLAM\x64\Release\SLAM.lib" /MACHINE:X64 /DLL x64\Release\dllmain.obj
         x64\Release\SLAM.obj
         x64\Release\stdafx.obj
            Creating library D:\Programming\KylesAR\KylesAR\ext\SLAM\x64\Release\SLAM.lib and object D:\Programming\KylesAR\KylesAR\ext\SLAM\x64\Release\SLAM.exp
         Generating code
         Finished generating code
         SLAM.vcxproj -> D:\Programming\KylesAR\KylesAR\ext\SLAM\x64\Release\SLAM.dll
       PostBuildEvent:
         copy "D:\Programming\KylesAR\KylesAR\ext\SLAM\x64\Release\SLAM.dll" "D:\Programming\KylesAR\KylesAR\ext\SLAM\..\..\..\x64\Release\ext\SLAM\x64\Release" /Y
         copy "D:\Programming\KylesAR\KylesAR\ext\SLAM\x64\Release\SLAM.cfg" "D:\Programming\KylesAR\KylesAR\ext\SLAM\..\..\..\x64\Release\ext\SLAM\x64\Release" /Y
         :VCEnd
                 1 file(s) copied.
                 1 file(s) copied.
     1>Done Building Project "D:\Programming\KylesAR\KylesAR\ext\SLAM\SLAM\SLAM.vcxproj" (Rebuild target(s)).

Build succeeded.

Time Elapsed 00:00:02.16
