Build started 2/5/2018 12:19:20 AM.
     1>Project "D:\Programming\KylesAR\KylesAR\ext\Perception\Perception\Perception.vcxproj" on node 2 (Build target(s)).
     1>ClCompile:
         C:\Program Files (x86)\Microsoft Visual Studio 12.0\VC\bin\x86_amd64\CL.exe /c /Zi /nologo /W3 /WX- /sdl /O2 /Oi /GL /D WIN32 /D NDEBUG /D _WINDOWS /D _USRDLL /D PERCEPTION_EXPORTS /D _WINDLL /D _UNICODE /D UNICODE /Gm- /EHsc /MD /GS /Gy /fp:precise /Zc:wchar_t /Zc:forScope /Yu"stdafx.h" /Fp"x64\Release\Perception.pch" /Fo"x64\Release\\" /Fd"x64\Release\vc120.pdb" /Gd /TP /errorReport:prompt Perception.cpp
         Perception.cpp
       Link:
         C:\Program Files (x86)\Microsoft Visual Studio 12.0\VC\bin\x86_amd64\link.exe /ERRORREPORT:PROMPT /OUT:"D:\Programming\KylesAR\KylesAR\ext\Perception\x64\Release\Perception.dll" /INCREMENTAL:NO /NOLOGO opencv_core330.lib libpxc.lib kernel32.lib user32.lib gdi32.lib winspool.lib comdlg32.lib advapi32.lib shell32.lib ole32.lib oleaut32.lib uuid.lib odbc32.lib odbccp32.lib /MANIFEST /MANIFESTUAC:"level='asInvoker' uiAccess='false'" /manifest:embed /DEBUG /PDB:"D:\Programming\KylesAR\KylesAR\ext\Perception\x64\Release\Perception.pdb" /SUBSYSTEM:WINDOWS /OPT:REF /OPT:ICF /LTCG /TLBID:1 /DYNAMICBASE /NXCOMPAT /IMPLIB:"D:\Programming\KylesAR\KylesAR\ext\Perception\x64\Release\Perception.lib" /MACHINE:X64 /DLL x64\Release\dllmain.obj
         x64\Release\Perception.obj
         x64\Release\stdafx.obj
            Creating library D:\Programming\KylesAR\KylesAR\ext\Perception\x64\Release\Perception.lib and object D:\Programming\KylesAR\KylesAR\ext\Perception\x64\Release\Perception.exp
     1>LINK : warning LNK4098: defaultlib 'LIBCMT' conflicts with use of other libs; use /NODEFAULTLIB:library
         Generating code
         Finished generating code
         Perception.vcxproj -> D:\Programming\KylesAR\KylesAR\ext\Perception\x64\Release\Perception.dll
       PostBuildEvent:
         copy "D:\Programming\KylesAR\KylesAR\ext\Perception\x64\Release\Perception.dll" "D:\Programming\KylesAR\KylesAR\ext\Perception\..\..\..\x64\Release\ext\Perception\x64\Release" /Y
         copy "D:\Programming\KylesAR\KylesAR\ext\Perception\x64\Release\Perception.cfg" "D:\Programming\KylesAR\KylesAR\ext\Perception\..\..\..\x64\Release\ext\Perception\x64\Release" /Y
         :VCEnd
                 1 file(s) copied.
                 1 file(s) copied.
     1>Done Building Project "D:\Programming\KylesAR\KylesAR\ext\Perception\Perception\Perception.vcxproj" (Build target(s)).

Build succeeded.

Time Elapsed 00:00:00.86
