  KylesAR.vcxproj -> C:\Programming\KylesAR\x64\Release\KylesAR.exe
  C:\Programming\KylesAR\KylesAR\glsl\occlusion.feedback.frag
  C:\Programming\KylesAR\KylesAR\glsl\occlusion.feedback.vert
  2 File(s) copied
  C:\Programming\KylesAR\KylesAR\images\1.jpg
  C:\Programming\KylesAR\KylesAR\images\10.jpg
  C:\Programming\KylesAR\KylesAR\images\11.jpg
  C:\Programming\KylesAR\KylesAR\images\12.jpg
  C:\Programming\KylesAR\KylesAR\images\2.jpg
  C:\Programming\KylesAR\KylesAR\images\3.jpg
  C:\Programming\KylesAR\KylesAR\images\4.jpg
  C:\Programming\KylesAR\KylesAR\images\5.jpg
  C:\Programming\KylesAR\KylesAR\images\6.jpg
  C:\Programming\KylesAR\KylesAR\images\7.jpg
  C:\Programming\KylesAR\KylesAR\images\8.jpg
  C:\Programming\KylesAR\KylesAR\images\9.jpg
  C:\Programming\KylesAR\KylesAR\images\Alterra.jpg
  C:\Programming\KylesAR\KylesAR\images\can.jpg
  C:\Programming\KylesAR\KylesAR\images\metal.jpg
  C:\Programming\KylesAR\KylesAR\images\pendulum.jpg
  C:\Programming\KylesAR\KylesAR\images\r200depthCalib.png
  17 File(s) copied
