c:\programming\kylesar\kylesar\x64\release\vc141.pdb
c:\programming\kylesar\kylesar\x64\release\tracking.obj
c:\programming\kylesar\kylesar\x64\release\shader.obj
c:\programming\kylesar\kylesar\x64\release\scene.obj
c:\programming\kylesar\kylesar\x64\release\sandbox.obj
c:\programming\kylesar\kylesar\x64\release\render.obj
c:\programming\kylesar\kylesar\x64\release\neural.obj
c:\programming\kylesar\kylesar\x64\release\netclient.obj
c:\programming\kylesar\kylesar\x64\release\main.obj
c:\programming\kylesar\kylesar\x64\release\slam.obj
c:\programming\kylesar\kylesar\x64\release\reprojection.obj
c:\programming\kylesar\kylesar\x64\release\recon.obj
c:\programming\kylesar\kylesar\x64\release\planedetection.obj
c:\programming\kylesar\kylesar\x64\release\parallaxsfm.obj
c:\programming\kylesar\kylesar\x64\release\knft.obj
c:\programming\kylesar\kylesar\x64\release\ibl.obj
c:\programming\kylesar\kylesar\x64\release\freespace.obj
c:\programming\kylesar\kylesar\x64\release\depthcalib.obj
c:\programming\kylesar\kylesar\x64\release\dans.obj
c:\programming\kylesar\kylesar\x64\release\coslam.obj
c:\programming\kylesar\kylesar\x64\release\dsp.obj
c:\programming\kylesar\kylesar\x64\release\winderps.obj
c:\programming\kylesar\x64\release\kylesar.ipdb
c:\programming\kylesar\x64\release\kylesar.iobj
c:\programming\kylesar\x64\release\kylesar.exe
c:\programming\kylesar\x64\release\kylesar.pdb
c:\programming\kylesar\kylesar\x64\release\kylesar.tlog\cl.command.1.tlog
c:\programming\kylesar\kylesar\x64\release\kylesar.tlog\cl.read.1.tlog
c:\programming\kylesar\kylesar\x64\release\kylesar.tlog\cl.write.1.tlog
c:\programming\kylesar\kylesar\x64\release\kylesar.tlog\kylesar.write.1u.tlog
c:\programming\kylesar\kylesar\x64\release\kylesar.tlog\link.command.1.tlog
c:\programming\kylesar\kylesar\x64\release\kylesar.tlog\link.read.1.tlog
c:\programming\kylesar\kylesar\x64\release\kylesar.tlog\link.write.1.tlog
